app/build/outputs/logs/manifest-merger-debug-report.txt
-- Merging decision tree log ---
provider#com.uzmap.pkg.uzapp.DataProvider
INJECTED from src\main\AndroidManifest.xml:43:3-46:50
	android:grantUriPermissions
		ADDED from src\main\AndroidManifest.xml:46:13-47
	android:authorities
		INJECTED from src\main\AndroidManifest.xml
		ADDED from src\main\AndroidManifest.xml:44:13-56
	android:exported
		ADDED from src\main\AndroidManifest.xml:45:13-37
	android:name
		ADDED from src\main\AndroidManifest.xml:43:13-60
manifest
ADDED from src\main\AndroidManifest.xml:2:1-49:12
INJECTED from src\main\AndroidManifest.xml:2:1-49:12
INJECTED from src\main\AndroidManifest.xml:2:1-49:12
INJECTED from src\main\AndroidManifest.xml:2:1-49:12
MERGED from [:moduleScrollPicture] AndroidManifest.xml:2:1-17:12
MERGED from [:moduleknx] AndroidManifest.xml:2:1-21:12
MERGED from [:modulegnoga] AndroidManifest.xml:2:1-57:12
MERGED from [com.android.support:appcompat-v7:26.0.1] AndroidManifest.xml:17:1-31:12
MERGED from [com.android.support:support-v4:26.0.1] AndroidManifest.xml:17:1-31:12
MERGED from [com.android.support:multidex:1.0.1] AndroidManifest.xml:16:1-19:12
MERGED from [:moduleDemo] AndroidManifest.xml:2:1-24:12
MERGED from [:moduleSyncInterface] AndroidManifest.xml:2:1-17:12
MERGED from [:moduleRefresh] AndroidManifest.xml:2:1-17:12
MERGED from [:moduleAppdelegate] AndroidManifest.xml:2:1-11:12
MERGED from [com.android.support:recyclerview-v7:26.0.1] AndroidManifest.xml:17:1-28:12
MERGED from [com.android.support:animated-vector-drawable:26.0.1] AndroidManifest.xml:17:1-28:12
MERGED from [com.android.support:support-vector-drawable:26.0.1] AndroidManifest.xml:17:1-28:12
MERGED from [com.android.support:support-fragment:26.0.1] AndroidManifest.xml:17:1-31:12
MERGED from [com.android.support:support-core-ui:26.0.1] AndroidManifest.xml:17:1-31:12
MERGED from [com.android.support:support-media-compat:26.0.1] AndroidManifest.xml:17:1-31:12
MERGED from [com.android.support:support-core-utils:26.0.1] AndroidManifest.xml:17:1-31:12
MERGED from [com.android.support:support-compat:26.0.1] AndroidManifest.xml:17:1-31:12
MERGED from [com.zhy:okhttputils:2.6.2] AndroidManifest.xml:2:1-11:12
MERGED from [:constraint-layout-1.1.3:] AndroidManifest.xml:2:1-11:12
MERGED from [:AIECcgSDK_V1.4.9_release2019-10-08:] AndroidManifest.xml:2:1-72:12
MERGED from [com.microsoft.azure.android:azure-storage-android:0.7.0] AndroidManifest.xml:11:1-20:12
MERGED from [com.android.support:cardview-v7:26.0.1] AndroidManifest.xml:17:1-28:12
MERGED from [:SingularSDK-Connectivity.1.2:] AndroidManifest.xml:2:1-22:12
INJECTED from src\main\AndroidManifest.xml:2:1-49:12
INJECTED from src\main\AndroidManifest.xml:2:1-49:12
INJECTED from src\main\AndroidManifest.xml:2:1-49:12
	package
		ADDED from src\main\AndroidManifest.xml:4:5-35
		INJECTED from src\main\AndroidManifest.xml
		INJECTED from src\main\AndroidManifest.xml
	android:versionName
		ADDED from src\main\AndroidManifest.xml:5:29-54
		INJECTED from src\main\AndroidManifest.xml
		INJECTED from src\main\AndroidManifest.xml
	xmlns:tools
		ADDED from src\main\AndroidManifest.xml:3:5-51
	xmlns:android
		ADDED from src\main\AndroidManifest.xml:2:11-69
	android:versionCode
		ADDED from src\main\AndroidManifest.xml:5:5-28
		INJECTED from src\main\AndroidManifest.xml
		INJECTED from src\main\AndroidManifest.xml
supports-screens
ADDED from src\main\AndroidManifest.xml:7:5-13:40
	android:largeScreens
		ADDED from src\main\AndroidManifest.xml:9:9-36
	android:smallScreens
		ADDED from src\main\AndroidManifest.xml:12:9-36
	android:normalScreens
		ADDED from src\main\AndroidManifest.xml:10:9-37
	android:xlargeScreens
		ADDED from src\main\AndroidManifest.xml:13:9-37
	android:resizeable
		ADDED from src\main\AndroidManifest.xml:11:9-34
	android:anyDensity
		ADDED from src\main\AndroidManifest.xml:8:9-34
uses-permission#android.permission.INTERNET
ADDED from src\main\AndroidManifest.xml:15:5-67
MERGED from [:moduleknx] AndroidManifest.xml:15:5-67
MERGED from [:moduleknx] AndroidManifest.xml:15:5-67
MERGED from [:modulegnoga] AndroidManifest.xml:28:5-67
MERGED from [:modulegnoga] AndroidManifest.xml:28:5-67
MERGED from [com.microsoft.azure.android:azure-storage-android:0.7.0] AndroidManifest.xml:18:5-67
MERGED from [com.microsoft.azure.android:azure-storage-android:0.7.0] AndroidManifest.xml:18:5-67
	android:name
		ADDED from src\main\AndroidManifest.xml:15:22-64
uses-permission#android.permission.WRITE_EXTERNAL_STORAGE
ADDED from src\main\AndroidManifest.xml:16:5-81
MERGED from [:moduleknx] AndroidManifest.xml:13:5-81
MERGED from [:moduleknx] AndroidManifest.xml:13:5-81
MERGED from [:modulegnoga] AndroidManifest.xml:20:5-81
MERGED from [:modulegnoga] AndroidManifest.xml:20:5-81
MERGED from [:AIECcgSDK_V1.4.9_release2019-10-08:] AndroidManifest.xml:14:5-81
MERGED from [:AIECcgSDK_V1.4.9_release2019-10-08:] AndroidManifest.xml:14:5-81
	android:name
		ADDED from src\main\AndroidManifest.xml:16:22-78
uses-permission#android.permission.ACCESS_NETWORK_STATE
ADDED from src\main\AndroidManifest.xml:17:5-79
MERGED from [:modulegnoga] AndroidManifest.xml:24:5-79
MERGED from [:modulegnoga] AndroidManifest.xml:24:5-79
MERGED from [:AIECcgSDK_V1.4.9_release2019-10-08:] AndroidManifest.xml:18:5-79
MERGED from [:AIECcgSDK_V1.4.9_release2019-10-08:] AndroidManifest.xml:18:5-79
MERGED from [:SingularSDK-Connectivity.1.2:] AndroidManifest.xml:12:5-79
MERGED from [:SingularSDK-Connectivity.1.2:] AndroidManifest.xml:12:5-79
	android:name
		ADDED from src\main\AndroidManifest.xml:17:22-76
uses-permission#android.permission.ACCESS_WIFI_STATE
ADDED from src\main\AndroidManifest.xml:18:5-76
MERGED from [:modulegnoga] AndroidManifest.xml:26:5-76
MERGED from [:modulegnoga] AndroidManifest.xml:26:5-76
	android:name
		ADDED from src\main\AndroidManifest.xml:18:22-73
uses-permission#android.permission.VIBRATE
ADDED from src\main\AndroidManifest.xml:19:5-66
MERGED from [:moduleDemo] AndroidManifest.xml:11:5-66
MERGED from [:moduleDemo] AndroidManifest.xml:11:5-66
	android:name
		ADDED from src\main\AndroidManifest.xml:19:22-63
uses-permission#android.permission.READ_PHONE_STATE
ADDED from src\main\AndroidManifest.xml:20:5-75
MERGED from [:AIECcgSDK_V1.4.9_release2019-10-08:] AndroidManifest.xml:17:5-75
MERGED from [:AIECcgSDK_V1.4.9_release2019-10-08:] AndroidManifest.xml:17:5-75
	android:name
		ADDED from src\main\AndroidManifest.xml:20:22-72
application
ADDED from src\main\AndroidManifest.xml:22:5-47:19
MERGED from [:moduleScrollPicture] AndroidManifest.xml:11:5-15:19
MERGED from [:moduleScrollPicture] AndroidManifest.xml:11:5-15:19
MERGED from [:modulegnoga] AndroidManifest.xml:35:5-55:19
MERGED from [:modulegnoga] AndroidManifest.xml:35:5-55:19
MERGED from [com.android.support:appcompat-v7:26.0.1] AndroidManifest.xml:25:5-29:19
MERGED from [com.android.support:appcompat-v7:26.0.1] AndroidManifest.xml:25:5-29:19
MERGED from [com.android.support:support-v4:26.0.1] AndroidManifest.xml:25:5-29:19
MERGED from [com.android.support:support-v4:26.0.1] AndroidManifest.xml:25:5-29:19
MERGED from [:moduleDemo] AndroidManifest.xml:13:5-22:19
MERGED from [:moduleDemo] AndroidManifest.xml:13:5-22:19
MERGED from [:moduleSyncInterface] AndroidManifest.xml:11:5-15:19
MERGED from [:moduleSyncInterface] AndroidManifest.xml:11:5-15:19
MERGED from [:moduleRefresh] AndroidManifest.xml:11:5-15:19
MERGED from [:moduleRefresh] AndroidManifest.xml:11:5-15:19
MERGED from [com.android.support:recyclerview-v7:26.0.1] AndroidManifest.xml:22:5-26:19
MERGED from [com.android.support:recyclerview-v7:26.0.1] AndroidManifest.xml:22:5-26:19
MERGED from [com.android.support:animated-vector-drawable:26.0.1] AndroidManifest.xml:22:5-26:19
MERGED from [com.android.support:animated-vector-drawable:26.0.1] AndroidManifest.xml:22:5-26:19
MERGED from [com.android.support:support-vector-drawable:26.0.1] AndroidManifest.xml:22:5-26:19
MERGED from [com.android.support:support-vector-drawable:26.0.1] AndroidManifest.xml:22:5-26:19
MERGED from [com.android.support:support-fragment:26.0.1] AndroidManifest.xml:25:5-29:19
MERGED from [com.android.support:support-fragment:26.0.1] AndroidManifest.xml:25:5-29:19
MERGED from [com.android.support:support-core-ui:26.0.1] AndroidManifest.xml:25:5-29:19
MERGED from [com.android.support:support-core-ui:26.0.1] AndroidManifest.xml:25:5-29:19
MERGED from [com.android.support:support-media-compat:26.0.1] AndroidManifest.xml:25:5-29:19
MERGED from [com.android.support:support-media-compat:26.0.1] AndroidManifest.xml:25:5-29:19
MERGED from [com.android.support:support-core-utils:26.0.1] AndroidManifest.xml:25:5-29:19
MERGED from [com.android.support:support-core-utils:26.0.1] AndroidManifest.xml:25:5-29:19
MERGED from [com.android.support:support-compat:26.0.1] AndroidManifest.xml:25:5-29:19
MERGED from [com.android.support:support-compat:26.0.1] AndroidManifest.xml:25:5-29:19
MERGED from [:constraint-layout-1.1.3:] AndroidManifest.xml:9:5-20
MERGED from [:constraint-layout-1.1.3:] AndroidManifest.xml:9:5-20
MERGED from [:AIECcgSDK_V1.4.9_release2019-10-08:] AndroidManifest.xml:20:5-70:19
MERGED from [:AIECcgSDK_V1.4.9_release2019-10-08:] AndroidManifest.xml:20:5-70:19
MERGED from [com.android.support:cardview-v7:26.0.1] AndroidManifest.xml:22:5-26:19
MERGED from [com.android.support:cardview-v7:26.0.1] AndroidManifest.xml:22:5-26:19
MERGED from [:SingularSDK-Connectivity.1.2:] AndroidManifest.xml:16:5-20:19
MERGED from [:SingularSDK-Connectivity.1.2:] AndroidManifest.xml:16:5-20:19
	android:supportsRtl
		ADDED from [:moduleScrollPicture] AndroidManifest.xml:14:9-35
	android:label
		ADDED from src\main\AndroidManifest.xml:25:9-41
	android:hardwareAccelerated
		ADDED from src\main\AndroidManifest.xml:27:9-43
	android:largeHeap
		ADDED from src\main\AndroidManifest.xml:26:9-33
	android:icon
		ADDED from src\main\AndroidManifest.xml:24:9-41
	android:allowBackup
		ADDED from src\main\AndroidManifest.xml:23:9-36
		REJECTED from [:moduleScrollPicture] AndroidManifest.xml:12:9-35
		REJECTED from [:moduleDemo] AndroidManifest.xml:14:9-35
		REJECTED from [:moduleSyncInterface] AndroidManifest.xml:12:9-35
		REJECTED from [:moduleRefresh] AndroidManifest.xml:12:9-35
		REJECTED from [:SingularSDK-Connectivity.1.2:] AndroidManifest.xml:17:9-35
	android:theme
		ADDED from [:modulegnoga] AndroidManifest.xml:35:18-49
	tools:replace
		ADDED from src\main\AndroidManifest.xml:28:9-57
	android:name
		ADDED from src\main\AndroidManifest.xml:22:18-66
meta-data#uz_version
ADDED from src\main\AndroidManifest.xml:30:9-70
	android:value
		ADDED from src\main\AndroidManifest.xml:30:46-67
	android:name
		ADDED from src\main\AndroidManifest.xml:30:20-45
activity#com.uzmap.pkg.EntranceActivity
ADDED from src\main\AndroidManifest.xml:32:9-42:20
	android:screenOrientation
		ADDED from src\main\AndroidManifest.xml:36:13-49
	android:label
		ADDED from src\main\AndroidManifest.xml:34:13-45
	android:configChanges
		ADDED from src\main\AndroidManifest.xml:37:13-122
	android:name
		ADDED from src\main\AndroidManifest.xml:33:13-58
intent-filter#action:name:android.intent.action.MAIN+category:name:android.intent.category.LAUNCHER
ADDED from src\main\AndroidManifest.xml:38:13-41:29
action#android.intent.action.MAIN
ADDED from src\main\AndroidManifest.xml:39:17-69
	android:name
		ADDED from src\main\AndroidManifest.xml:39:25-66
category#android.intent.category.LAUNCHER
ADDED from src\main\AndroidManifest.xml:40:17-77
	android:name
		ADDED from src\main\AndroidManifest.xml:40:27-74
uses-sdk
INJECTED from src\main\AndroidManifest.xml reason: use-sdk injection requested
INJECTED from src\main\AndroidManifest.xml
INJECTED from src\main\AndroidManifest.xml
MERGED from [:moduleScrollPicture] AndroidManifest.xml:7:5-9:41
MERGED from [:moduleScrollPicture] AndroidManifest.xml:7:5-9:41
MERGED from [:moduleknx] AndroidManifest.xml:7:5-9:41
MERGED from [:moduleknx] AndroidManifest.xml:7:5-9:41
MERGED from [:modulegnoga] AndroidManifest.xml:8:5-10:41
MERGED from [:modulegnoga] AndroidManifest.xml:8:5-10:41
MERGED from [com.android.support:appcompat-v7:26.0.1] AndroidManifest.xml:21:5-23:78
MERGED from [com.android.support:appcompat-v7:26.0.1] AndroidManifest.xml:21:5-23:78
MERGED from [com.android.support:support-v4:26.0.1] AndroidManifest.xml:21:5-23:54
MERGED from [com.android.support:support-v4:26.0.1] AndroidManifest.xml:21:5-23:54
MERGED from [com.android.support:multidex:1.0.1] AndroidManifest.xml:18:5-42
MERGED from [com.android.support:multidex:1.0.1] AndroidManifest.xml:18:5-42
MERGED from [:moduleDemo] AndroidManifest.xml:7:5-9:41
MERGED from [:moduleDemo] AndroidManifest.xml:7:5-9:41
MERGED from [:moduleSyncInterface] AndroidManifest.xml:7:5-9:41
MERGED from [:moduleSyncInterface] AndroidManifest.xml:7:5-9:41
MERGED from [:moduleRefresh] AndroidManifest.xml:7:5-9:41
MERGED from [:moduleRefresh] AndroidManifest.xml:7:5-9:41
MERGED from [:moduleAppdelegate] AndroidManifest.xml:7:5-9:41
MERGED from [:moduleAppdelegate] AndroidManifest.xml:7:5-9:41
MERGED from [com.android.support:recyclerview-v7:26.0.1] AndroidManifest.xml:20:5-44
MERGED from [com.android.support:recyclerview-v7:26.0.1] AndroidManifest.xml:20:5-44
MERGED from [com.android.support:animated-vector-drawable:26.0.1] AndroidManifest.xml:20:5-44
MERGED from [com.android.support:animated-vector-drawable:26.0.1] AndroidManifest.xml:20:5-44
MERGED from [com.android.support:support-vector-drawable:26.0.1] AndroidManifest.xml:20:5-44
MERGED from [com.android.support:support-vector-drawable:26.0.1] AndroidManifest.xml:20:5-44
MERGED from [com.android.support:support-fragment:26.0.1] AndroidManifest.xml:21:5-23:60
MERGED from [com.android.support:support-fragment:26.0.1] AndroidManifest.xml:21:5-23:60
MERGED from [com.android.support:support-core-ui:26.0.1] AndroidManifest.xml:21:5-23:58
MERGED from [com.android.support:support-core-ui:26.0.1] AndroidManifest.xml:21:5-23:58
MERGED from [com.android.support:support-media-compat:26.0.1] AndroidManifest.xml:21:5-23:63
MERGED from [com.android.support:support-media-compat:26.0.1] AndroidManifest.xml:21:5-23:63
MERGED from [com.android.support:support-core-utils:26.0.1] AndroidManifest.xml:21:5-23:61
MERGED from [com.android.support:support-core-utils:26.0.1] AndroidManifest.xml:21:5-23:61
MERGED from [com.android.support:support-compat:26.0.1] AndroidManifest.xml:21:5-23:58
MERGED from [com.android.support:support-compat:26.0.1] AndroidManifest.xml:21:5-23:58
MERGED from [com.zhy:okhttputils:2.6.2] AndroidManifest.xml:7:5-9:41
MERGED from [com.zhy:okhttputils:2.6.2] AndroidManifest.xml:7:5-9:41
MERGED from [:constraint-layout-1.1.3:] AndroidManifest.xml:5:5-7:41
MERGED from [:constraint-layout-1.1.3:] AndroidManifest.xml:5:5-7:41
MERGED from [:AIECcgSDK_V1.4.9_release2019-10-08:] AndroidManifest.xml:7:5-9:41
MERGED from [:AIECcgSDK_V1.4.9_release2019-10-08:] AndroidManifest.xml:7:5-9:41
MERGED from [com.microsoft.azure.android:azure-storage-android:0.7.0] AndroidManifest.xml:14:38-16:41
MERGED from [com.microsoft.azure.android:azure-storage-android:0.7.0] AndroidManifest.xml:14:38-16:41
MERGED from [com.android.support:cardview-v7:26.0.1] AndroidManifest.xml:20:5-44
MERGED from [com.android.support:cardview-v7:26.0.1] AndroidManifest.xml:20:5-44
MERGED from [:SingularSDK-Connectivity.1.2:] AndroidManifest.xml:6:5-8:41
MERGED from [:SingularSDK-Connectivity.1.2:] AndroidManifest.xml:6:5-8:41
INJECTED from src\main\AndroidManifest.xml
INJECTED from src\main\AndroidManifest.xml
	tools:overrideLibrary
		ADDED from [com.android.support:appcompat-v7:26.0.1] AndroidManifest.xml:23:9-75
	android:targetSdkVersion
		INJECTED from src\main\AndroidManifest.xml
		ADDED from src\main\AndroidManifest.xml
		INJECTED from src\main\AndroidManifest.xml
	android:minSdkVersion
		INJECTED from src\main\AndroidManifest.xml
		ADDED from src\main\AndroidManifest.xml
		INJECTED from src\main\AndroidManifest.xml
uses-permission#android.permission.BLUETOOTH
ADDED from [:moduleknx] AndroidManifest.xml:11:5-68
MERGED from [:modulegnoga] AndroidManifest.xml:31:5-68
MERGED from [:modulegnoga] AndroidManifest.xml:31:5-68
MERGED from [:AIECcgSDK_V1.4.9_release2019-10-08:] AndroidManifest.xml:11:5-68
MERGED from [:AIECcgSDK_V1.4.9_release2019-10-08:] AndroidManifest.xml:11:5-68
MERGED from [:SingularSDK-Connectivity.1.2:] AndroidManifest.xml:13:5-68
MERGED from [:SingularSDK-Connectivity.1.2:] AndroidManifest.xml:13:5-68
	android:name
		ADDED from [:moduleknx] AndroidManifest.xml:11:22-65
uses-permission#android.permission.BLUETOOTH_ADMIN
ADDED from [:moduleknx] AndroidManifest.xml:12:5-74
MERGED from [:modulegnoga] AndroidManifest.xml:32:5-74
MERGED from [:modulegnoga] AndroidManifest.xml:32:5-74
MERGED from [:AIECcgSDK_V1.4.9_release2019-10-08:] AndroidManifest.xml:12:5-74
MERGED from [:AIECcgSDK_V1.4.9_release2019-10-08:] AndroidManifest.xml:12:5-74
MERGED from [:SingularSDK-Connectivity.1.2:] AndroidManifest.xml:14:5-74
MERGED from [:SingularSDK-Connectivity.1.2:] AndroidManifest.xml:14:5-74
	android:name
		ADDED from [:moduleknx] AndroidManifest.xml:12:22-71
uses-permission#android.permission.READ_EXTERNAL_STORAGE
ADDED from [:moduleknx] AndroidManifest.xml:14:5-80
MERGED from [:modulegnoga] AndroidManifest.xml:19:5-80
MERGED from [:modulegnoga] AndroidManifest.xml:19:5-80
MERGED from [:AIECcgSDK_V1.4.9_release2019-10-08:] AndroidManifest.xml:13:5-80
MERGED from [:AIECcgSDK_V1.4.9_release2019-10-08:] AndroidManifest.xml:13:5-80
	android:name
		ADDED from [:moduleknx] AndroidManifest.xml:14:22-77
uses-permission-sdk-23#android.permission.ACCESS_COARSE_LOCATION
ADDED from [:moduleknx] AndroidManifest.xml:17:5-88
	android:name
		ADDED from [:moduleknx] AndroidManifest.xml:17:29-85
uses-permission#android.permission.ACCESS_FINE_LOCATION
ADDED from [:moduleknx] AndroidManifest.xml:19:5-79
MERGED from [:modulegnoga] AndroidManifest.xml:16:5-79
MERGED from [:modulegnoga] AndroidManifest.xml:16:5-79
MERGED from [:AIECcgSDK_V1.4.9_release2019-10-08:] AndroidManifest.xml:15:5-79
MERGED from [:AIECcgSDK_V1.4.9_release2019-10-08:] AndroidManifest.xml:15:5-79
MERGED from [:SingularSDK-Connectivity.1.2:] AndroidManifest.xml:10:5-79
MERGED from [:SingularSDK-Connectivity.1.2:] AndroidManifest.xml:10:5-79
	android:name
		ADDED from [:moduleknx] AndroidManifest.xml:19:22-76
uses-permission#android.permission.WRITE_SETTINGS
ADDED from [:modulegnoga] AndroidManifest.xml:12:5-73
	android:name
		ADDED from [:modulegnoga] AndroidManifest.xml:12:22-70
uses-permission#android.permission.ACCESS_COARSE_LOCATION
ADDED from [:modulegnoga] AndroidManifest.xml:15:5-81
MERGED from [:AIECcgSDK_V1.4.9_release2019-10-08:] AndroidManifest.xml:16:5-81
MERGED from [:AIECcgSDK_V1.4.9_release2019-10-08:] AndroidManifest.xml:16:5-81
MERGED from [:SingularSDK-Connectivity.1.2:] AndroidManifest.xml:11:5-81
MERGED from [:SingularSDK-Connectivity.1.2:] AndroidManifest.xml:11:5-81
	android:name
		ADDED from [:modulegnoga] AndroidManifest.xml:15:22-78
uses-permission#android.permission.MOUNT_UNMOUNT_FILESYSTEMS
ADDED from [:modulegnoga] AndroidManifest.xml:21:5-84
	android:name
		ADDED from [:modulegnoga] AndroidManifest.xml:21:22-81
uses-permission#android.permission.CHANGE_NETWORK_STATE
ADDED from [:modulegnoga] AndroidManifest.xml:25:5-79
	android:name
		ADDED from [:modulegnoga] AndroidManifest.xml:25:22-76
uses-permission#android.permission.CHANGE_WIFI_STATE
ADDED from [:modulegnoga] AndroidManifest.xml:27:5-76
	android:name
		ADDED from [:modulegnoga] AndroidManifest.xml:27:22-73
uses-permission#android.permission.WAKE_LOCK
ADDED from [:modulegnoga] AndroidManifest.xml:33:5-68
	android:name
		ADDED from [:modulegnoga] AndroidManifest.xml:33:22-65
activity#com.alpha.modulegnoga.device.DeviceActivity
ADDED from [:modulegnoga] AndroidManifest.xml:36:9-46:20
	android:theme
		ADDED from [:modulegnoga] AndroidManifest.xml:38:13-69
	android:name
		ADDED from [:modulegnoga] AndroidManifest.xml:37:13-71
activity#com.alpha.modulegnoga.measurement.MeasurementActivity
ADDED from [:modulegnoga] AndroidManifest.xml:47:9-50:72
	android:screenOrientation
		ADDED from [:modulegnoga] AndroidManifest.xml:49:13-49
	android:theme
		ADDED from [:modulegnoga] AndroidManifest.xml:50:13-69
	android:name
		ADDED from [:modulegnoga] AndroidManifest.xml:48:13-81
activity#com.alpha.modulegnoga.measurement.MeasurementParamActivity
ADDED from [:modulegnoga] AndroidManifest.xml:51:9-54:72
	android:screenOrientation
		ADDED from [:modulegnoga] AndroidManifest.xml:53:13-49
	android:theme
		ADDED from [:modulegnoga] AndroidManifest.xml:54:13-69
	android:name
		ADDED from [:modulegnoga] AndroidManifest.xml:52:13-86
meta-data#android.support.VERSION
ADDED from [com.android.support:appcompat-v7:26.0.1] AndroidManifest.xml:26:9-28:38
MERGED from [com.android.support:support-v4:26.0.1] AndroidManifest.xml:26:9-28:38
MERGED from [com.android.support:support-v4:26.0.1] AndroidManifest.xml:26:9-28:38
MERGED from [com.android.support:recyclerview-v7:26.0.1] AndroidManifest.xml:23:9-25:38
MERGED from [com.android.support:recyclerview-v7:26.0.1] AndroidManifest.xml:23:9-25:38
MERGED from [com.android.support:animated-vector-drawable:26.0.1] AndroidManifest.xml:23:9-25:38
MERGED from [com.android.support:animated-vector-drawable:26.0.1] AndroidManifest.xml:23:9-25:38
MERGED from [com.android.support:support-vector-drawable:26.0.1] AndroidManifest.xml:23:9-25:38
MERGED from [com.android.support:support-vector-drawable:26.0.1] AndroidManifest.xml:23:9-25:38
MERGED from [com.android.support:support-fragment:26.0.1] AndroidManifest.xml:26:9-28:38
MERGED from [com.android.support:support-fragment:26.0.1] AndroidManifest.xml:26:9-28:38
MERGED from [com.android.support:support-core-ui:26.0.1] AndroidManifest.xml:26:9-28:38
MERGED from [com.android.support:support-core-ui:26.0.1] AndroidManifest.xml:26:9-28:38
MERGED from [com.android.support:support-media-compat:26.0.1] AndroidManifest.xml:26:9-28:38
MERGED from [com.android.support:support-media-compat:26.0.1] AndroidManifest.xml:26:9-28:38
MERGED from [com.android.support:support-core-utils:26.0.1] AndroidManifest.xml:26:9-28:38
MERGED from [com.android.support:support-core-utils:26.0.1] AndroidManifest.xml:26:9-28:38
MERGED from [com.android.support:support-compat:26.0.1] AndroidManifest.xml:26:9-28:38
MERGED from [com.android.support:support-compat:26.0.1] AndroidManifest.xml:26:9-28:38
MERGED from [com.android.support:cardview-v7:26.0.1] AndroidManifest.xml:23:9-25:38
MERGED from [com.android.support:cardview-v7:26.0.1] AndroidManifest.xml:23:9-25:38
	android:value
		ADDED from [com.android.support:appcompat-v7:26.0.1] AndroidManifest.xml:28:13-35
	android:name
		ADDED from [com.android.support:appcompat-v7:26.0.1] AndroidManifest.xml:27:13-51
activity#com.apicloud.moduleDemo.DemoActivity
ADDED from [:moduleDemo] AndroidManifest.xml:17:9-21:84
	android:screenOrientation
		ADDED from [:moduleDemo] AndroidManifest.xml:20:13-49
	android:configChanges
		ADDED from [:moduleDemo] AndroidManifest.xml:19:13-55
	android:theme
		ADDED from [:moduleDemo] AndroidManifest.xml:21:13-81
	android:name
		ADDED from [:moduleDemo] AndroidManifest.xml:18:13-64
activity#com.blb.ecg.axd.lib.collect.userInterface.EcgCollectActivity
ADDED from [:AIECcgSDK_V1.4.9_release2019-10-08:] AndroidManifest.xml:21:9-26:51
	android:screenOrientation
		ADDED from [:AIECcgSDK_V1.4.9_release2019-10-08:] AndroidManifest.xml:24:13-49
	android:configChanges
		ADDED from [:AIECcgSDK_V1.4.9_release2019-10-08:] AndroidManifest.xml:23:13-74
	android:theme
		ADDED from [:AIECcgSDK_V1.4.9_release2019-10-08:] AndroidManifest.xml:25:13-72
	android:usesCleartextTraffic
		ADDED from [:AIECcgSDK_V1.4.9_release2019-10-08:] AndroidManifest.xml:26:13-48
	android:name
		ADDED from [:AIECcgSDK_V1.4.9_release2019-10-08:] AndroidManifest.xml:22:13-88
activity#com.blb.ecg.axd.lib.playback.userInterface.EcgPlaybackActivity
ADDED from [:AIECcgSDK_V1.4.9_release2019-10-08:] AndroidManifest.xml:27:9-30:75
	android:screenOrientation
		ADDED from [:AIECcgSDK_V1.4.9_release2019-10-08:] AndroidManifest.xml:29:13-49
	android:theme
		ADDED from [:AIECcgSDK_V1.4.9_release2019-10-08:] AndroidManifest.xml:30:13-72
	android:name
		ADDED from [:AIECcgSDK_V1.4.9_release2019-10-08:] AndroidManifest.xml:28:13-90
activity#com.blb.ecg.axd.lib.playback.userInterface.EnlargeActivity
ADDED from [:AIECcgSDK_V1.4.9_release2019-10-08:] AndroidManifest.xml:31:9-34:75
	android:screenOrientation
		ADDED from [:AIECcgSDK_V1.4.9_release2019-10-08:] AndroidManifest.xml:33:13-49
	android:theme
		ADDED from [:AIECcgSDK_V1.4.9_release2019-10-08:] AndroidManifest.xml:34:13-72
	android:name
		ADDED from [:AIECcgSDK_V1.4.9_release2019-10-08:] AndroidManifest.xml:32:13-86
activity#com.blb.ecg.axd.lib.binding.userInterface.ECGEquipmentListActivity
ADDED from [:AIECcgSDK_V1.4.9_release2019-10-08:] AndroidManifest.xml:35:9-103
	android:name
		ADDED from [:AIECcgSDK_V1.4.9_release2019-10-08:] AndroidManifest.xml:35:19-100
activity#com.blb.ecg.axd.lib.binding.userInterface.BluetoothListActivity
ADDED from [:AIECcgSDK_V1.4.9_release2019-10-08:] AndroidManifest.xml:36:9-38:75
	android:theme
		ADDED from [:AIECcgSDK_V1.4.9_release2019-10-08:] AndroidManifest.xml:38:13-72
	android:name
		ADDED from [:AIECcgSDK_V1.4.9_release2019-10-08:] AndroidManifest.xml:37:13-91
activity#com.blb.ecg.axd.lib.upload.userInterface.EcgUploadActivity
ADDED from [:AIECcgSDK_V1.4.9_release2019-10-08:] AndroidManifest.xml:39:9-42:75
	android:screenOrientation
		ADDED from [:AIECcgSDK_V1.4.9_release2019-10-08:] AndroidManifest.xml:41:13-49
	android:theme
		ADDED from [:AIECcgSDK_V1.4.9_release2019-10-08:] AndroidManifest.xml:42:13-72
	android:name
		ADDED from [:AIECcgSDK_V1.4.9_release2019-10-08:] AndroidManifest.xml:40:13-86
activity#com.blb.ecg.axd.lib.upload.userInterface.SelectBodyConditionActivity
ADDED from [:AIECcgSDK_V1.4.9_release2019-10-08:] AndroidManifest.xml:43:9-46:75
	android:screenOrientation
		ADDED from [:AIECcgSDK_V1.4.9_release2019-10-08:] AndroidManifest.xml:45:13-49
	android:theme
		ADDED from [:AIECcgSDK_V1.4.9_release2019-10-08:] AndroidManifest.xml:46:13-72
	android:name
		ADDED from [:AIECcgSDK_V1.4.9_release2019-10-08:] AndroidManifest.xml:44:13-96
activity#com.blb.ecg.axd.lib.serverplayback.ServerPlaybackActivity
ADDED from [:AIECcgSDK_V1.4.9_release2019-10-08:] AndroidManifest.xml:47:9-50:75
	android:screenOrientation
		ADDED from [:AIECcgSDK_V1.4.9_release2019-10-08:] AndroidManifest.xml:49:13-49
	android:theme
		ADDED from [:AIECcgSDK_V1.4.9_release2019-10-08:] AndroidManifest.xml:50:13-72
	android:name
		ADDED from [:AIECcgSDK_V1.4.9_release2019-10-08:] AndroidManifest.xml:48:13-85
activity#com.blb.ecg.axd.lib.upload.userInterface.NormalModeUploadActivity
ADDED from [:AIECcgSDK_V1.4.9_release2019-10-08:] AndroidManifest.xml:51:9-54:75
	android:screenOrientation
		ADDED from [:AIECcgSDK_V1.4.9_release2019-10-08:] AndroidManifest.xml:53:13-49
	android:theme
		ADDED from [:AIECcgSDK_V1.4.9_release2019-10-08:] AndroidManifest.xml:54:13-72
	android:name
		ADDED from [:AIECcgSDK_V1.4.9_release2019-10-08:] AndroidManifest.xml:52:13-93
activity#com.blb.ecg.axd.lib.collect.userInterface.xEcgCollectingActivity
ADDED from [:AIECcgSDK_V1.4.9_release2019-10-08:] AndroidManifest.xml:55:9-59:75
	android:screenOrientation
		ADDED from [:AIECcgSDK_V1.4.9_release2019-10-08:] AndroidManifest.xml:58:13-49
	android:configChanges
		ADDED from [:AIECcgSDK_V1.4.9_release2019-10-08:] AndroidManifest.xml:57:13-74
	android:theme
		ADDED from [:AIECcgSDK_V1.4.9_release2019-10-08:] AndroidManifest.xml:59:13-72
	android:name
		ADDED from [:AIECcgSDK_V1.4.9_release2019-10-08:] AndroidManifest.xml:56:13-92
activity#com.blb.ecg.axd.lib.collect.userInterface.EcgCollectingActivity
ADDED from [:AIECcgSDK_V1.4.9_release2019-10-08:] AndroidManifest.xml:60:9-64:75
	android:screenOrientation
		ADDED from [:AIECcgSDK_V1.4.9_release2019-10-08:] AndroidManifest.xml:63:13-49
	android:configChanges
		ADDED from [:AIECcgSDK_V1.4.9_release2019-10-08:] AndroidManifest.xml:62:13-74
	android:theme
		ADDED from [:AIECcgSDK_V1.4.9_release2019-10-08:] AndroidManifest.xml:64:13-72
	android:name
		ADDED from [:AIECcgSDK_V1.4.9_release2019-10-08:] AndroidManifest.xml:61:13-91
activity#com.blb.ecg.axd.lib.collect.userInterface.HelpActivity
ADDED from [:AIECcgSDK_V1.4.9_release2019-10-08:] AndroidManifest.xml:65:9-69:75
	android:hardwareAccelerated
		ADDED from [:AIECcgSDK_V1.4.9_release2019-10-08:] AndroidManifest.xml:68:13-47
	android:configChanges
		ADDED from [:AIECcgSDK_V1.4.9_release2019-10-08:] AndroidManifest.xml:67:13-100
	android:theme
		ADDED from [:AIECcgSDK_V1.4.9_release2019-10-08:] AndroidManifest.xml:69:13-72
	android:name
		ADDED from [:AIECcgSDK_V1.4.9_release2019-10-08:] AndroidManifest.xml:66:13-82
service#com.cnoga.singular.mobile.sdk.measurement.BluetoothLeService
ADDED from [:SingularSDK-Connectivity.1.2:] AndroidManifest.xml:19:9-96
	android:name
		ADDED from [:SingularSDK-Connectivity.1.2:] AndroidManifest.xml:19:18-93